<?xml version="1.0" encoding="UTF-8" ?>
<testsuite tests="4" failures="0" name="br.com.cunha.crudejb.crud.ModelMapperUtilTest" time="0.089" errors="0" skipped="0">
  <properties>
[...]
</properties>
  <testcase classname="br.com.cunha.crudejb.crud.ModelMapperUtilTest" name="testConverterListaEntidadeParaListaDTO" time="0.086"/>
  <testcase classname="br.com.cunha.crudejb.crud.ModelMapperUtilTest" name="testConverterEntidadeParaDTO" time="0"/>
  <testcase classname="br.com.cunha.crudejb.crud.ModelMapperUtilTest" name="testConverterDTOParaEntidade" time="0.001"/>
  <testcase classname="br.com.cunha.crudejb.crud.ModelMapperUtilTest" name="testConverterListaDTOParaListaEntidade" time="0.002"/>
</testsuite>